<?xml version="1.0" encoding="UTF-8"?>
<!-- Generated by org.testng.reporters.JUnitXMLReporter -->
<testsuite ignored="4" hostname="DESKTOP-P8K71CG" failures="2" tests="3" name="Test" time="94.239" errors="0" timestamp="13 Jun 2021 15:00:43 GMT">
  <testcase classname="com.ShoppingApplication.scripts.AddingProductCart" name="addingProductcart" time="34.665"/>
  <testcase classname="com.ShoppingApplication.scripts.Addingcart1" name="cart" time="0.007">
    <failure type="java.lang.NullPointerException">
      <![CDATA[java.lang.NullPointerException
at com.ShoppingApplication.scripts.Addingcart1.cart(Addingcart1.java:21)
... Removed 25 stack frames]]>
    </failure>
  </testcase> <!-- cart -->
  <testcase classname="com.ShoppingApplication.scripts.ProductDelivery" name="Delivery" time="0.002">
    <failure type="java.lang.NullPointerException">
      <![CDATA[java.lang.NullPointerException
at com.ShoppingApplication.scripts.ProductDelivery.Delivery(ProductDelivery.java:20)
... Removed 25 stack frames]]>
    </failure>
  </testcase> <!-- Delivery -->
  <testcase classname="com.ShoppingApplication.genericlib.BaseClass" name="@BeforeSuite configBS" time="0.0">
    <ignored/>
  </testcase> <!-- @BeforeSuite configBS -->
  <testcase classname="com.ShoppingApplication.genericlib.BaseClass" name="@BeforeSuite configBS" time="0.0">
    <ignored/>
  </testcase> <!-- @BeforeSuite configBS -->
  <testcase classname="com.ShoppingApplication.genericlib.BaseClass" name="@AfterSuite confifAS" time="0.0">
    <ignored/>
  </testcase> <!-- @AfterSuite confifAS -->
  <testcase classname="com.ShoppingApplication.genericlib.BaseClass" name="@AfterSuite confifAS" time="0.0">
    <ignored/>
  </testcase> <!-- @AfterSuite confifAS -->
</testsuite> <!-- Test -->
